<?xml version="1.0" encoding="UTF-8" ?>
<testsuite errors="0" failures="12" hostname="LAPTOP-V44LDG6S" name="net.htlgrieskirchen.pos3.timeutil.TimeUtilProTest" skipped="0" tests="16" time="0.235" timestamp="2019-11-15T12:48:24">
  <properties>
    <property name="libs.spring-framework300.classpath" value="C:\Netbeans\netbeans\ide\modules\org-apache-commons-logging.jar;C:\Netbeans\netbeans\java\modules\ext\cglib-2.2.jar;C:\Netbeans\netbeans\java\modules\ext\spring-3.0\spring-aop-3.2.7.RELEASE.jar;C:\Netbeans\netbeans\java\modules\ext\spring-3.0\spring-aspects-3.2.7.RELEASE.jar;C:\Netbeans\netbeans\java\modules\ext\spring-3.0\spring-beans-3.2.7.RELEASE.jar;C:\Netbeans\netbeans\java\modules\ext\spring-3.0\spring-build-src-3.2.7.RELEASE.jar;C:\Netbeans\netbeans\java\modules\ext\spring-3.0\spring-context-3.2.7.RELEASE.jar;C:\Netbeans\netbeans\java\modules\ext\spring-3.0\spring-context-support-3.2.7.RELEASE.jar;C:\Netbeans\netbeans\java\modules\ext\spring-3.0\spring-core-3.2.7.RELEASE.jar;C:\Netbeans\netbeans\java\modules\ext\spring-3.0\spring-expression-3.2.7.RELEASE.jar;C:\Netbeans\netbeans\java\modules\ext\spring-3.0\spring-framework-bom-3.2.7.RELEASE.jar;C:\Netbeans\netbeans\java\modules\ext\spring-3.0\spring-instrument-3.2.7.RELEASE.jar;C:\Netbeans\netbeans\java\modules\ext\spring-3.0\spring-instrument-tomcat-3.2.7.RELEASE.jar;C:\Netbeans\netbeans\java\modules\ext\spring-3.0\spring-jdbc-3.2.7.RELEASE.jar;C:\Netbeans\netbeans\java\modules\ext\spring-3.0\spring-jms-3.2.7.RELEASE.jar;C:\Netbeans\netbeans\java\modules\ext\spring-3.0\spring-orm-3.2.7.RELEASE.jar;C:\Netbeans\netbeans\java\modules\ext\spring-3.0\spring-oxm-3.2.7.RELEASE.jar;C:\Netbeans\netbeans\java\modules\ext\spring-3.0\spring-struts-3.2.7.RELEASE.jar;C:\Netbeans\netbeans\java\modules\ext\spring-3.0\spring-test-3.2.7.RELEASE.jar;C:\Netbeans\netbeans\java\modules\ext\spring-3.0\spring-tx-3.2.7.RELEASE.jar;C:\Netbeans\netbeans\java\modules\ext\spring-3.0\spring-web-3.2.7.RELEASE.jar;C:\Netbeans\netbeans\java\modules\ext\spring-3.0\spring-webmvc-3.2.7.RELEASE.jar;C:\Netbeans\netbeans\java\modules\ext\spring-3.0\spring-webmvc-portlet-3.2.7.RELEASE.jar" />
    <property name="libs.javaee-api-6.0.classpath" value="C:\Netbeans\netbeans\enterprise\modules\ext\javaee-api-6.0.jar" />
    <property name="javac.includesfile.binary" value="C:\Users\user\Downloads\TimeUtilProStub\12 H TimeUtilProStub\null1976269140" />
    <property name="javac.test.classpath" value=":build/classes:C:\Netbeans\netbeans\platform\modules\ext\junit-4.12.jar:C:\Netbeans\netbeans\platform\modules\ext\hamcrest-core-1.3.jar" />
    <property name="java.specification.version" value="12" />
    <property name="libs.javaee-api-7.0.classpath" value="C:\Netbeans\netbeans\enterprise\modules\ext\javaee-api-7.0.jar" />
    <property name="sun.cpu.isalist" value="amd64" />
    <property name="ant.file.12_H_TimeUtilProStub-impl" value="C:\Users\user\Downloads\TimeUtilProStub\12 H TimeUtilProStub\nbproject\build-impl.xml" />
    <property name="libs.restapi.maven-pom" value="" />
    <property name="jar.index.metainf" value="false" />
    <property name="javadoc.preview" value="true" />
    <property name="do.depend" value="false" />
    <property name="libs.spring-framework400.classpath" value="C:\Netbeans\netbeans\ide\modules\org-apache-commons-logging.jar;C:\Netbeans\netbeans\java\modules\ext\cglib-2.2.jar;C:\Netbeans\netbeans\java\modules\ext\spring-4\spring-aop-4.0.1.RELEASE.jar;C:\Netbeans\netbeans\java\modules\ext\spring-4\spring-aspects-4.0.1.RELEASE.jar;C:\Netbeans\netbeans\java\modules\ext\spring-4\spring-beans-4.0.1.RELEASE.jar;C:\Netbeans\netbeans\java\modules\ext\spring-4\spring-build-src-4.0.1.RELEASE.jar;C:\Netbeans\netbeans\java\modules\ext\spring-4\spring-context-4.0.1.RELEASE.jar;C:\Netbeans\netbeans\java\modules\ext\spring-4\spring-context-support-4.0.1.RELEASE.jar;C:\Netbeans\netbeans\java\modules\ext\spring-4\spring-core-4.0.1.RELEASE.jar;C:\Netbeans\netbeans\java\modules\ext\spring-4\spring-expression-4.0.1.RELEASE.jar;C:\Netbeans\netbeans\java\modules\ext\spring-4\spring-framework-bom-4.0.1.RELEASE.jar;C:\Netbeans\netbeans\java\modules\ext\spring-4\spring-instrument-4.0.1.RELEASE.jar;C:\Netbeans\netbeans\java\modules\ext\spring-4\spring-instrument-tomcat-4.0.1.RELEASE.jar;C:\Netbeans\netbeans\java\modules\ext\spring-4\spring-jdbc-4.0.1.RELEASE.jar;C:\Netbeans\netbeans\java\modules\ext\spring-4\spring-jms-4.0.1.RELEASE.jar;C:\Netbeans\netbeans\java\modules\ext\spring-4\spring-messaging-4.0.1.RELEASE.jar;C:\Netbeans\netbeans\java\modules\ext\spring-4\spring-orm-4.0.1.RELEASE.jar;C:\Netbeans\netbeans\java\modules\ext\spring-4\spring-oxm-4.0.1.RELEASE.jar;C:\Netbeans\netbeans\java\modules\ext\spring-4\spring-test-4.0.1.RELEASE.jar;C:\Netbeans\netbeans\java\modules\ext\spring-4\spring-tx-4.0.1.RELEASE.jar;C:\Netbeans\netbeans\java\modules\ext\spring-4\spring-web-4.0.1.RELEASE.jar;C:\Netbeans\netbeans\java\modules\ext\spring-4\spring-webmvc-4.0.1.RELEASE.jar;C:\Netbeans\netbeans\java\modules\ext\spring-4\spring-webmvc-portlet-4.0.1.RELEASE.jar;C:\Netbeans\netbeans\java\modules\ext\spring-4\spring-websocket-4.0.1.RELEASE.jar" />
    <property name="libs.spring-webmvc4.0.javadoc" value="" />
    <property name="test.binaryincludes" value="&lt;nothing&gt;" />
    <property name="sun.arch.data.model" value="64" />
    <property name="nb.show.statistics.ui" value="usageStatisticsEnabled" />
    <property name="libs.javaee-endorsed-api-7.0.src" value="" />
    <property name="debug-transport" value="dt_shmem" />
    <property name="libs.javaee-web-api-8.0.src" value="" />
    <property name="java.vendor.url" value="https://java.oracle.com/" />
    <property name="annotation.processing.enabled" value="true" />
    <property name="libs.junit_5.src" value="C:\Netbeans\netbeans\platform\docs\junit-jupiter-api-5.3.1-sources.jar;C:\Netbeans\netbeans\platform\docs\junit-jupiter-params-5.3.1-sources.jar;C:\Netbeans\netbeans\platform\docs\junit-jupiter-engine-5.3.1-sources.jar" />
    <property name="libs.jaxb.classpath" value="C:\Netbeans\netbeans\ide\modules\ext\jaxb\jaxb-impl-2.2.5-2.jar;C:\Netbeans\netbeans\ide\modules\ext\jaxb\jaxb-xjc-2.2.5-2.jar;C:\Netbeans\netbeans\ide\modules\ext\jaxb\jaxb1-impl-2.2.5-2.jar;C:\Netbeans\netbeans\ide\modules\ext\jaxb\activation.jar;C:\Netbeans\netbeans\ide\modules\ext\jaxb\api\jaxb-api.jar" />
    <property name="debug.modulepath" value="" />
    <property name="libs.javaee-api-8.0.classpath" value="C:\Netbeans\netbeans\enterprise\modules\ext\javaee-api-8.0.jar" />
    <property name="libs.jsp-compilation.src" value="" />
    <property name="libs.eclipselink.javadoc" value="" />
    <property name="libs.JWSAntTasks.javadoc" value="" />
    <property name="sun.boot.library.path" value="C:\Program Files\Java\jdk-12.0.2\bin" />
    <property name="libs.CopyLibs.src" value="" />
    <property name="sun.java.command" value="org.apache.tools.ant.taskdefs.optional.junit.JUnitTestRunner net.htlgrieskirchen.pos3.timeutil.TimeUtilProTest skipNonTests=false filtertrace=true haltOnError=false haltOnFailure=false showoutput=true outputtoformatters=true logfailedtests=true threadid=0 logtestlistenerevents=true formatter=org.apache.tools.ant.taskdefs.optional.junit.BriefJUnitResultFormatter formatter=org.apache.tools.ant.taskdefs.optional.junit.XMLJUnitResultFormatter,C:\Users\user\Downloads\TimeUtilProStub\12 H TimeUtilProStub\build\test\results\TEST-net.htlgrieskirchen.pos3.timeutil.TimeUtilProTest.xml crashfile=C:\Users\user\Downloads\TimeUtilProStub\12 H TimeUtilProStub\build\junitvmwatcher2007225007463885062.properties propsfile=C:\Users\user\Downloads\TimeUtilProStub\12 H TimeUtilProStub\build\junit12342662593555588825.properties" />
    <property name="jdk.debug" value="release" />
    <property name="libs.spring-framework300.src" value="" />
    <property name="javac.source" value="1.8" />
    <property name="java.specification.vendor" value="Oracle Corporation" />
    <property name="javadoc.use" value="true" />
    <property name="libs.javac-api.maven-pom" value="" />
    <property name="javadoc.notree" value="false" />
    <property name="java.version.date" value="2019-07-16" />
    <property name="java.home" value="C:\Program Files\Java\jdk-12.0.2" />
    <property name="basedir" value="C:\Users\user\Downloads\TimeUtilProStub\12 H TimeUtilProStub" />
    <property name="work.dir" value="C:\Users\user\Downloads\TimeUtilProStub\12 H TimeUtilProStub" />
    <property name="jna.boot.library.name" value="jnidispatch-440" />
    <property name="java.vm.specification.vendor" value="Oracle Corporation" />
    <property name="java.specification.name" value="Java Platform API Specification" />
    <property name="javac.test.compilerargs" value="" />
    <property name="libs.PostgreSQLDriver.classpath" value="C:\Netbeans\netbeans\ide\modules\ext\postgresql-42.2.5.jar" />
    <property name="libs.javac-api.javadoc" value="" />
    <property name="libs.spring-webmvc3.0.javadoc" value="" />
    <property name="libs.JAXB-ENDORSED.src" value="" />
    <property name="libs.jsf20.classpath" value="C:\Netbeans\netbeans\enterprise\modules\ext\jsf-2_2\javax.faces.jar" />
    <property name="netbeans.extbrowser.manual_chrome_plugin_install" value="yes" />
    <property name="manifest.encoding" value="UTF-8" />
    <property name="user.script" value="" />
    <property name="netbeans.default_userdir_root" value="C:\Users\user\AppData\Roaming\NetBeans" />
    <property name="libs.spring-framework400.src" value="" />
    <property name="sun.management.compiler" value="HotSpot 64-Bit Tiered Compilers" />
    <property name="libs.jsp-compilation-syscp.src" value="" />
    <property name="jdk.home" value="C:\Program Files\Java\jdk-12.0.2" />
    <property name="run.test.modulepath" value="" />
    <property name="java.runtime.version" value="12.0.2+10" />
    <property name="libs.maven-dependencies.src" value="" />
    <property name="libs.javaee-web-api-6.0.classpath" value="C:\Netbeans\netbeans\enterprise\modules\ext\javaee-web-api-6.0.jar" />
    <property name="libs.eclipselink.maven-pom" value="" />
    <property name="libs.jsp-compiler.javadoc" value="" />
    <property name="libs.metro.maven-pom" value="" />
    <property name="libs.JAXB-ENDORSED.javadoc" value="" />
    <property name="debug.test.modulepath" value="" />
    <property name="libs.javaee-web-api-7.0.classpath" value="C:\Netbeans\netbeans\enterprise\modules\ext\javaee-web-api-7.0.jar" />
    <property name="file.encoding" value="Cp1252" />
    <property name="sun.java2d.noddraw" value="true" />
    <property name="java.util.logging.config.class" value="org.netbeans.core.startup.TopLogging" />
    <property name="sun.zip.disableMemoryMapping" value="true" />
    <property name="libs.maven-dependencies.maven-pom" value="" />
    <property name="https.nonProxyHosts" value="localhost|127.0.0.1|LAPTOP-V44LDG6S" />
    <property name="libs.primefaces.javadoc" value="" />
    <property name="libs.jsp-compilation.javadoc" value="" />
    <property name="libs.jsf12.src" value="" />
    <property name="libs.restlib.javadoc" value="" />
    <property name="libs.groovy-all.maven-pom" value="" />
    <property name="libs.restapi.src" value="" />
    <property name="libs.junit_5.javadoc" value="C:\Netbeans\netbeans\platform\docs\junit-jupiter-api-5.3.1-javadoc.jar;C:\Netbeans\netbeans\platform\docs\junit-jupiter-params-5.3.1-javadoc.jar;C:\Netbeans\netbeans\platform\docs\junit-jupiter-engine-5.3.1-javadoc.jar" />
    <property name="libs.absolutelayout.classpath" value="C:\Netbeans\netbeans\java\modules\ext\AbsoluteLayout.jar" />
    <property name="dist.archive.excludes" value="" />
    <property name="java.io.tmpdir" value="C:\Users\user\AppData\Local\Temp\" />
    <property name="do.archive" value="true" />
    <property name="java.version" value="12.0.2" />
    <property name="libs.struts.maven-pom" value="" />
    <property name="java.vm.specification.name" value="Java Virtual Machine Specification" />
    <property name="built-jar.properties" value="C:\Users\user\Downloads\TimeUtilProStub\12 H TimeUtilProStub\build\built-jar.properties" />
    <property name="nb.native.filechooser" value="false" />
    <property name="libs.testng.src" value="" />
    <property name="libs.javaee-web-api-8.0.classpath" value="C:\Netbeans\netbeans\enterprise\modules\ext\javaee-web-api-8.0.jar" />
    <property name="java.library.path" value="C:\Program Files\Java\jdk-12.0.2\bin;C:\WINDOWS\Sun\Java\bin;C:\WINDOWS\system32;C:\WINDOWS;C:\Program Files (x86)\Intel\iCLS Client\;C:\Program Files\Intel\iCLS Client\;C:\Windows\system32;C:\Windows;C:\Windows\System32\Wbem;C:\Windows\System32\WindowsPowerShell\v1.0\;C:\Program Files (x86)\Intel\Intel(R) Management Engine Components\DAL;C:\Program Files\Intel\Intel(R) Management Engine Components\DAL;C:\Program Files (x86)\Intel\Intel(R) Management Engine Components\IPT;C:\Program Files\Intel\Intel(R) Management Engine Components\IPT;C:\Program Files (x86)\NVIDIA Corporation\PhysX\Common;C:\Program Files\Java\jdk-12.0.2\bin;C:\WINDOWS\system32;C:\WINDOWS;C:\WINDOWS\System32\Wbem;C:\WINDOWS\System32\WindowsPowerShell\v1.0\;C:\WINDOWS\System32\OpenSSH\;C:\Program Files\Git\cmd;C:\Users\user\AppData\Local\Microsoft\WindowsApps;;C:\Users\user\AppData\Local\Programs\Microsoft VS Code\bin;." />
    <property name="libs.hamcrest.src" value="" />
    <property name="platform.active" value="default_platform" />
    <property name="java.vendor" value="Oracle Corporation" />
    <property name="manifest.file" value="manifest.mf" />
    <property name="libs.groovy-all.src" value="" />
    <property name="libs.testng.javadoc" value="C:\Netbeans\netbeans\platform\docs\testng-6.8.1-javadoc.zip" />
    <property name="meta.inf.dir" value="src/META-INF" />
    <property name="sun.io.unicode.encoding" value="UnicodeLittle" />
    <property name="compile.on.save" value="true" />
    <property name="libs.testng.maven-pom" value="" />
    <property name="libs.struts.javadoc" value="C:\Netbeans\netbeans\enterprise\docs\struts-1.3.10-javadoc.zip" />
    <property name="org.openide.version" value="deprecated" />
    <property name="sun.desktop" value="windows" />
    <property name="default.javac.source" value="12" />
    <property name="libs.javaee-web-api-8.0.javadoc" value="C:\Netbeans\netbeans\enterprise\docs\javaee-doc-api.jar" />
    <property name="netbeans.dynamic.classpath" value="C:\Netbeans\netbeans\platform\core\asm-all-5.0.1.jar;C:\Netbeans\netbeans\platform\core\core-base.jar;C:\Netbeans\netbeans\platform\core\core.jar;C:\Netbeans\netbeans\platform\core\org-netbeans-libs-asm.jar;C:\Netbeans\netbeans\platform\core\org-openide-filesystems-compat8.jar;C:\Netbeans\netbeans\platform\core\org-openide-filesystems.jar;C:\Netbeans\netbeans\nb\core\org-netbeans-upgrader.jar;C:\Netbeans\netbeans\nb\core\locale\core_nb.jar" />
    <property name="test.includes" value="net/htlgrieskirchen/pos3/timeutil/TimeUtilProTest.java" />
    <property name="run.classpath" value=":build/classes" />
    <property name="libs.jaxb.src" value="" />
    <property name="libs.eclipselinkmodelgen.classpath" value="C:\Netbeans\netbeans\java\modules\ext\eclipselink\org.eclipse.persistence.jpa.modelgen.processor-2.5.2.jar" />
    <property name="test.src.dir" value="test" />
    <property name="sun.awt.enableExtraMouseButtons" value="true" />
    <property name="org.openide.major.version" value="IDE/1" />
    <property name="libs.spring-framework300.javadoc" value="" />
    <property name="netbeans.buildnumber" value="netbeans-release-428-on-20190716" />
    <property name="ap.proc.none.internal" value="" />
    <property name="endorsed.classpath.cmd.line.arg" value="" />
    <property name="org.openide.specification.version" value="6.2" />
    <property name="user.timezone" value="Europe/Vienna" />
    <property name="libs.jpa20-persistence.maven-pom" value="" />
    <property name="jar.index" value="false" />
    <property name="libs.jpa20-persistence.classpath" value="C:\Netbeans\netbeans\java\modules\ext\eclipselink\javax.persistence-2.1.0.jar" />
    <property name="libs.CopyLibs.maven-pom" value="" />
    <property name="libs.eclipselinkmodelgen.javadoc" value="" />
    <property name="libs.junit_5.classpath" value="C:\Netbeans\netbeans\platform\modules\ext\junit-jupiter-api-5.3.1.jar;C:\Netbeans\netbeans\platform\modules\ext\junit-jupiter-params-5.3.1.jar;C:\Netbeans\netbeans\platform\modules\ext\junit-jupiter-engine-5.3.1.jar" />
    <property name="build.sysclasspath" value="ignore" />
    <property name="os.name" value="Windows 10" />
    <property name="java.vm.specification.version" value="12" />
    <property name="javadoc.noindex" value="false" />
    <property name="javadoc.private" value="false" />
    <property name="jdkBug6558476" value="false" />
    <property name="libs.spring-webmvc4.0.maven-pom" value="" />
    <property name="javadoc.author" value="false" />
    <property name="http.nonProxyHosts" value="localhost|127.0.0.1|LAPTOP-V44LDG6S" />
    <property name="main.class" value="net.htlgrieskirchen.pos3.timeutil.TimeUtilPro" />
    <property name="libs.JAXB-ENDORSED.maven-pom" value="" />
    <property name="user.home" value="C:\Users\user" />
    <property name="libs.jsp-compilation-syscp.javadoc" value="" />
    <property name="source.encoding" value="UTF-8" />
    <property name="libs.eclipselinkmodelgen.maven-pom" value="" />
    <property name="jar.compress" value="false" />
    <property name="have.sources" value="true" />
    <property name="libs.javaee-api-7.0.javadoc" value="C:\Netbeans\netbeans\enterprise\docs\javaee-doc-api.jar" />
    <property name="annotation.processing.processors.list" value="" />
    <property name="javac.deprecation" value="false" />
    <property name="libs.jsf20.maven-pom" value="" />
    <property name="java.awt.graphicsenv" value="sun.awt.Win32GraphicsEnvironment" />
    <property name="libs.restlib.classpath" value="C:\Netbeans\netbeans\enterprise\modules\ext\jersey2\ext\asm-all-repackaged-2.2.0-b21.jar;C:\Netbeans\netbeans\enterprise\modules\ext\jersey2\ext\cglib-2.2.0-b21.jar;C:\Netbeans\netbeans\enterprise\modules\ext\jersey2\ext\guava-14.0.1.jar;C:\Netbeans\netbeans\enterprise\modules\ext\jersey2\ext\hk2-api-2.2.0-b21.jar;C:\Netbeans\netbeans\enterprise\modules\ext\jersey2\ext\hk2-locator-2.2.0-b21.jar;C:\Netbeans\netbeans\enterprise\modules\ext\jersey2\ext\hk2-utils-2.2.0-b21.jar;C:\Netbeans\netbeans\enterprise\modules\ext\jersey2\ext\javax.annotation-api-1.2.jar;C:\Netbeans\netbeans\enterprise\modules\ext\jersey2\ext\javax.inject-2.2.0-b21.jar;C:\Netbeans\netbeans\enterprise\modules\ext\jersey2\ext\javax.servlet-api-3.0.1.jar;C:\Netbeans\netbeans\enterprise\modules\ext\jersey2\ext\jaxb-api-2.2.7.jar;C:\Netbeans\netbeans\enterprise\modules\ext\jersey2\ext\jersey-entity-filtering-2.5.1.jar;C:\Netbeans\netbeans\enterprise\modules\ext\jersey2\ext\jersey-media-moxy-2.5.1.jar;C:\Netbeans\netbeans\enterprise\modules\ext\jersey2\ext\org.osgi.core-4.2.0.jar;C:\Netbeans\netbeans\enterprise\modules\ext\jersey2\ext\osgi-resource-locator-1.0.1.jar;C:\Netbeans\netbeans\enterprise\modules\ext\jersey2\ext\persistence-api-1.0.jar;C:\Netbeans\netbeans\enterprise\modules\ext\jersey2\ext\validation-api-1.1.0.Final.jar;C:\Netbeans\netbeans\enterprise\modules\ext\jersey2\jersey-client.jar;C:\Netbeans\netbeans\enterprise\modules\ext\jersey2\jersey-common.jar;C:\Netbeans\netbeans\enterprise\modules\ext\jersey2\jersey-container-servlet.jar;C:\Netbeans\netbeans\enterprise\modules\ext\jersey2\jersey-container-servlet-core.jar;C:\Netbeans\netbeans\enterprise\modules\ext\jersey2\jersey-server.jar" />
    <property name="build.generated.sources.dir" value="build/generated-sources" />
    <property name="apple.awt.graphics.UseQuartz" value="true" />
    <property name="plugin.manager.check.updates" value="false" />
    <property name="run.jvmargs" value="" />
    <property name="libs.primefaces.src" value="" />
    <property name="netbeans.autoupdate.language" value="de" />
    <property name="libs.eclipselinkmodelgen.src" value="" />
    <property name="build.compiler.emacs" value="true" />
    <property name="build.classes.excludes" value="**/*.java,**/*.form" />
    <property name="dist.jar" value="dist/12_H_TimeUtilProStub.jar" />
    <property name="ant.file" value="C:\Users\user\Downloads\TimeUtilProStub\12 H TimeUtilProStub\build.xml" />
    <property name="libs.struts.src" value="" />
    <property name="libs.spring-webmvc4.0.classpath" value="C:\Netbeans\netbeans\java\modules\ext\spring-4\spring-webmvc-4.0.1.RELEASE.jar" />
    <property name="path.separator" value=";" />
    <property name="libs.javaee-endorsed-api-7.0.javadoc" value="C:\Netbeans\netbeans\enterprise\docs\javaee-doc-api.jar" />
    <property name="os.version" value="10.0" />
    <property name="libs.JAXB-ENDORSED.classpath" value="C:\Netbeans\netbeans\ide\modules\ext\jaxb\api\jaxb-api.jar" />
    <property name="netbeans.home" value="C:\Netbeans\netbeans\platform" />
    <property name="libs.restlib.src" value="" />
    <property name="ant.file.type.12_H_TimeUtilProStub-impl" value="file" />
    <property name="libs.CopyLibs.javadoc" value="" />
    <property name="build.test.results.dir" value="build/test/results" />
    <property name="debug-transport-by-os" value="dt_shmem" />
    <property name="libs.javaee-api-8.0.javadoc" value="C:\Netbeans\netbeans\enterprise\docs\javaee-doc-api.jar" />
    <property name="libs.jsf20.src" value="" />
    <property name="libs.jaxws21.javadoc" value="C:\Netbeans\netbeans\java\docs\jaxws-api-doc.zip" />
    <property name="ant.file.12_H_TimeUtilProStub" value="C:\Users\user\Downloads\TimeUtilProStub\12 H TimeUtilProStub\build.xml" />
    <property name="libs.spring-framework400.maven-pom" value="" />
    <property name="ap.processors.internal" value="" />
    <property name="java.vm.name" value="Java HotSpot(TM) 64-Bit Server VM" />
    <property name="libs.jstl.javadoc" value="C:\Netbeans\netbeans\enterprise\docs\javaee-doc-api.jar" />
    <property name="libs.javaee-endorsed-api-7.0.maven-pom" value="" />
    <property name="libs.jsf12.classpath" value="C:\Netbeans\netbeans\enterprise\modules\ext\jsf-1_2\jsf-api.jar;C:\Netbeans\netbeans\enterprise\modules\ext\jsf-1_2\jsf-impl.jar" />
    <property name="libs.jaxws21.classpath" value="C:\Netbeans\netbeans\java\modules\ext\jaxws22\FastInfoset.jar;C:\Netbeans\netbeans\java\modules\ext\jaxws22\gmbal-api-only.jar;C:\Netbeans\netbeans\java\modules\ext\jaxws22\ha-api.jar;C:\Netbeans\netbeans\java\modules\ext\jaxws22\javax.mail_1.4.jar;C:\Netbeans\netbeans\java\modules\ext\jaxws22\jaxws-rt.jar;C:\Netbeans\netbeans\java\modules\ext\jaxws22\jaxws-tools.jar;C:\Netbeans\netbeans\java\modules\ext\jaxws22\management-api.jar;C:\Netbeans\netbeans\java\modules\ext\jaxws22\mimepull.jar;C:\Netbeans\netbeans\java\modules\ext\jaxws22\policy.jar;C:\Netbeans\netbeans\java\modules\ext\jaxws22\saaj-impl.jar;C:\Netbeans\netbeans\java\modules\ext\jaxws22\stax-ex.jar;C:\Netbeans\netbeans\java\modules\ext\jaxws22\stax2-api.jar;C:\Netbeans\netbeans\java\modules\ext\jaxws22\streambuffer.jar;C:\Netbeans\netbeans\java\modules\ext\jaxws22\woodstox-core-asl.jar;C:\Netbeans\netbeans\java\modules\ext\jaxws22\api\jaxws-api.jar;C:\Netbeans\netbeans\java\modules\ext\jaxws22\api\jsr181-api.jar;C:\Netbeans\netbeans\java\modules\ext\jaxws22\api\javax.annotation.jar;C:\Netbeans\netbeans\java\modules\ext\jaxws22\api\saaj-api.jar;C:\Netbeans\netbeans\ide\modules\ext\jaxb\activation.jar;C:\Netbeans\netbeans\ide\modules\ext\jaxb\api\jaxb-api.jar" />
    <property name="libs.restapi.classpath" value="C:\Netbeans\netbeans\enterprise\modules\ext\jaxrs-2.0\javax.ws.rs-api-2.0.jar" />
    <property name="os.arch" value="amd64" />
    <property name="libs.hamcrest.javadoc" value="" />
    <property name="build.generated.dir" value="build/generated" />
    <property name="libs.spring-framework400.javadoc" value="" />
    <property name="libs.javac-api.src" value="" />
    <property name="libs.groovy-all.javadoc" value="" />
    <property name="libs.javaee-web-api-7.0.javadoc" value="C:\Netbeans\netbeans\enterprise\docs\javaee-doc-api.jar" />
    <property name="ant.file.type.12_H_TimeUtilProStub" value="file" />
    <property name="java.vm.info" value="mixed mode, sharing" />
    <property name="libs.primefaces.classpath" value="C:\Netbeans\netbeans\enterprise\modules\ext\primefaces\primefaces-5.0.jar" />
    <property name="libs.jaxws21.maven-pom" value="" />
    <property name="run.test.classpath" value=":build/classes:C:\Netbeans\netbeans\platform\modules\ext\junit-4.12.jar:C:\Netbeans\netbeans\platform\modules\ext\hamcrest-core-1.3.jar:build/test/classes" />
    <property name="libs.jsf12.maven-pom" value="" />
    <property name="libs.javaee-endorsed-api-7.0.classpath" value="C:\Netbeans\netbeans\enterprise\modules\ext\javaee7-endorsed\javax.annotation-api.jar;C:\Netbeans\netbeans\enterprise\modules\ext\javaee7-endorsed\javax.xml.soap-api.jar;C:\Netbeans\netbeans\enterprise\modules\ext\javaee7-endorsed\jaxb-api-osgi.jar;C:\Netbeans\netbeans\enterprise\modules\ext\javaee7-endorsed\jaxws-api.jar;C:\Netbeans\netbeans\enterprise\modules\ext\javaee7-endorsed\jsr181-api.jar" />
    <property name="java.class.version" value="56.0" />
    <property name="javadoc.encoding.used" value="UTF-8" />
    <property name="src.dir" value="src" />
    <property name="org.netbeans.io.suspend" value="0" />
    <property name="libs.primefaces.maven-pom" value="" />
    <property name="debug.classpath" value=":build/classes" />
    <property name="ant.project.default-target" value="default" />
    <property name="awt.toolkit" value="sun.awt.windows.WToolkit" />
    <property name="excludes" value="" />
    <property name="libs.javaee-api-7.0.src" value="" />
    <property name="ant.project.name" value="12_H_TimeUtilProStub" />
    <property name="dist.javadoc.dir" value="dist/javadoc" />
    <property name="run.test.jvmargs" value="" />
    <property name="libs.junit_4.javadoc" value="C:\Netbeans\netbeans\platform\docs\junit-4.12-javadoc.jar" />
    <property name="sun.jnu.encoding" value="Cp1252" />
    <property name="default.javac.target" value="12" />
    <property name="libs.spring-webmvc4.0.src" value="" />
    <property name="javac.fork" value="true" />
    <property name="libs.eclipselink.classpath" value="C:\Netbeans\netbeans\java\modules\ext\eclipselink\org.eclipse.persistence.core-2.5.2.jar;C:\Netbeans\netbeans\java\modules\ext\eclipselink\org.eclipse.persistence.asm-2.5.2.jar;C:\Netbeans\netbeans\java\modules\ext\eclipselink\org.eclipse.persistence.antlr-2.5.2.jar;C:\Netbeans\netbeans\java\modules\ext\eclipselink\org.eclipse.persistence.jpa-2.5.2.jar;C:\Netbeans\netbeans\java\modules\ext\eclipselink\org.eclipse.persistence.jpa.jpql-2.5.2.jar;C:\Netbeans\netbeans\java\modules\ext\eclipselink\javax.persistence-2.1.0.jar" />
    <property name="sun.java2d.dpiaware" value="true" />
    <property name="libs.javac-api.classpath" value="" />
    <property name="main.class.available" value="true" />
    <property name="libs.jsf20.javadoc" value="C:\Netbeans\netbeans\enterprise\docs\javaee-doc-api.jar" />
    <property name="libs.struts.classpath" value="C:\Netbeans\netbeans\enterprise\modules\ext\struts\antlr-2.7.2.jar;C:\Netbeans\netbeans\enterprise\modules\ext\struts\bsf-2.3.0.jar;C:\Netbeans\netbeans\enterprise\modules\ext\struts\commons-beanutils-1.8.0.jar;C:\Netbeans\netbeans\enterprise\modules\ext\struts\commons-chain-1.2.jar;C:\Netbeans\netbeans\enterprise\modules\ext\struts\commons-digester-1.8.jar;C:\Netbeans\netbeans\enterprise\modules\ext\struts\commons-fileupload-1.1.1.jar;C:\Netbeans\netbeans\enterprise\modules\ext\struts\commons-io-1.1.jar;C:\Netbeans\netbeans\enterprise\modules\ext\struts\commons-logging-1.0.4.jar;C:\Netbeans\netbeans\enterprise\modules\ext\struts\commons-validator-1.3.1.jar;C:\Netbeans\netbeans\enterprise\modules\ext\struts\jstl-1.0.2.jar;C:\Netbeans\netbeans\enterprise\modules\ext\struts\oro-2.0.8.jar;C:\Netbeans\netbeans\enterprise\modules\ext\struts\standard-1.0.6.jar;C:\Netbeans\netbeans\enterprise\modules\ext\struts\struts-core-1.3.10.jar;C:\Netbeans\netbeans\enterprise\modules\ext\struts\struts-el-1.3.10.jar;C:\Netbeans\netbeans\enterprise\modules\ext\struts\struts-extras-1.3.10.jar;C:\Netbeans\netbeans\enterprise\modules\ext\struts\struts-faces-1.3.10.jar;C:\Netbeans\netbeans\enterprise\modules\ext\struts\struts-mailreader-dao-1.3.10.jar;C:\Netbeans\netbeans\enterprise\modules\ext\struts\struts-scripting-1.3.10.jar;C:\Netbeans\netbeans\enterprise\modules\ext\struts\struts-taglib-1.3.10.jar;C:\Netbeans\netbeans\enterprise\modules\ext\struts\struts-tiles-1.3.10.jar" />
    <property name="netbeans.importclass" value="org.netbeans.upgrade.AutoUpgrade" />
    <property name="libs.PostgreSQLDriver.maven-pom" value="" />
    <property name="libs.absolutelayout.src" value="" />
    <property name="netbeans.autoupdate.version" value="1.23" />
    <property name="empty.dir" value="C:\Users\user\Downloads\TimeUtilProStub\12 H TimeUtilProStub\build\empty" />
    <property name="testng.mode" value="testng" />
    <property name="annotation.processing.enabled.in.editor" value="false" />
    <property name="netbeans.user" value="C:\Users\user\AppData\Roaming\NetBeans\11.1" />
    <property name="javac.includes.binary" value="C:\Users\user\Downloads\TimeUtilProStub\12 H TimeUtilProStub\build\test\classes\net\htlgrieskirchen\pos3\timeutil\TimeUtilProTest.class" />
    <property name="file.separator" value="\" />
    <property name="java.vm.compressedOopsMode" value="32-bit" />
    <property name="line.separator" value="&#xd;&#xa;" />
    <property name="javadoc.additionalparam" value="" />
    <property name="netbeans.productversion" value="Apache NetBeans IDE 11.1" />
    <property name="libs.restlib.maven-pom" value="" />
    <property name="javac.debug" value="true" />
    <property name="libs.testng.classpath" value="C:\Netbeans\netbeans\platform\modules\ext\testng-6.8.1-dist.jar" />
    <property name="mkdist.disabled" value="false" />
    <property name="libs.jsp-compiler.src" value="" />
    <property name="libs.javaee-web-api-6.0.javadoc" value="C:\Netbeans\netbeans\enterprise\docs\javaee-doc-api.jar" />
    <property name="user.name" value="user" />
    <property name="libs.maven-dependencies.javadoc" value="C:\Netbeans\netbeans\enterprise\docs\javaee-doc-api.jar" />
    <property name="build.classes.dir" value="build/classes" />
    <property name="nb.junit.single" value="false" />
    <property name="javadoc.windowtitle" value="" />
    <property name="nb.internal.action.name" value="test.single" />
    <property name="libs.groovy-all.classpath" value="C:\Netbeans\netbeans\groovy\modules\ext\groovy.jar;C:\Netbeans\netbeans\groovy\modules\ext\groovy-ant.jar" />
    <property name="libs.javaee-api-7.0.maven-pom" value="" />
    <property name="libs.javaee-api-8.0.maven-pom" value="" />
    <property name="libs.absolutelayout.javadoc" value="" />
    <property name="libs.jaxws21.src" value="" />
    <property name="libs.jaxb.maven-pom" value="" />
    <property name="annotation.processing.processor.options" value="" />
    <property name="libs.maven-dependencies.classpath" value="C:\Netbeans\netbeans\enterprise\modules\ext\javaee6-endorsed\javax.annotation.jar;C:\Netbeans\netbeans\enterprise\modules\ext\javaee6-endorsed\jaxb-api-osgi.jar;C:\Netbeans\netbeans\enterprise\modules\ext\javaee6-endorsed\webservices-api-osgi.jar" />
    <property name="libs.javaee-api-6.0.maven-pom" value="" />
    <property name="dist.dir" value="dist" />
    <property name="jna.loaded" value="true" />
    <property name="build.dir" value="build" />
    <property name="libs.junit_5.maven-pom" value="" />
    <property name="netbeans.autoupdate.variant" value="" />
    <property name="libs.jpa20-persistence.javadoc" value="" />
    <property name="javadoc.version" value="false" />
    <property name="libs.metro.classpath" value="C:\Netbeans\netbeans\ide\modules\ext\jaxb\activation.jar;C:\Netbeans\netbeans\enterprise\modules\ext\metro\webservices-api.jar;C:\Netbeans\netbeans\enterprise\modules\ext\metro\webservices-extra-api.jar;C:\Netbeans\netbeans\enterprise\modules\ext\metro\webservices-extra.jar;C:\Netbeans\netbeans\enterprise\modules\ext\metro\webservices-rt.jar;C:\Netbeans\netbeans\enterprise\modules\ext\metro\webservices-tools.jar" />
    <property name="libs.metro.src" value="" />
    <property name="ant.junit.enabletestlistenerevents" value="true" />
    <property name="libs.JWSAntTasks.src" value="" />
    <property name="libs.CopyLibs.classpath" value="C:\Netbeans\netbeans\java\ant\extra\org-netbeans-modules-java-j2seproject-copylibstask.jar" />
    <property name="ant.home" value="C:\Netbeans\netbeans\extide\ant" />
    <property name="libs.spring-webmvc3.0.src" value="" />
    <property name="debug.test.classpath" value=":build/classes:C:\Netbeans\netbeans\platform\modules\ext\junit-4.12.jar:C:\Netbeans\netbeans\platform\modules\ext\hamcrest-core-1.3.jar:build/test/classes" />
    <property name="sun.os.patch.level" value="" />
    <property name="javac.external.vm" value="true" />
    <property name="have.tests" value="true" />
    <property name="testng.debug.mode" value="" />
    <property name="javac.target" value="1.8" />
    <property name="ant.version" value="Apache Ant(TM) version 1.10.4 compiled on June 19 2018" />
    <property name="libs.absolutelayout.maven-pom" value="" />
    <property name="jdk.gtk.version" value="2.2" />
    <property name="javac.test.processorpath" value=":build/classes:C:\Netbeans\netbeans\platform\modules\ext\junit-4.12.jar:C:\Netbeans\netbeans\platform\modules\ext\hamcrest-core-1.3.jar" />
    <property name="libs.javaee-web-api-7.0.maven-pom" value="" />
    <property name="java.failonerror" value="true" />
    <property name="libs.javaee-web-api-8.0.maven-pom" value="" />
    <property name="netbeans.dirs" value="C:\Netbeans\netbeans\nb;C:\Netbeans\netbeans\ergonomics;C:\Netbeans\netbeans\ide;C:\Netbeans\netbeans\extide;C:\Netbeans\netbeans\java;C:\Netbeans\netbeans\apisupport;C:\Netbeans\netbeans\webcommon;C:\Netbeans\netbeans\websvccommon;C:\Netbeans\netbeans\enterprise;C:\Netbeans\netbeans\mobility;C:\Netbeans\netbeans\profiler;C:\Netbeans\netbeans\python;C:\Netbeans\netbeans\php;C:\Netbeans\netbeans\identity;C:\Netbeans\netbeans\harness;C:\Netbeans\netbeans\cnd;C:\Netbeans\netbeans\cndext;C:\Netbeans\netbeans\dlight;C:\Netbeans\netbeans\groovy;C:\Netbeans\netbeans\extra;C:\Netbeans\netbeans\javacard;C:\Netbeans\netbeans\javafx" />
    <property name="javac.modulepath" value="" />
    <property name="libs.javaee-api-6.0.src" value="" />
    <property name="user.properties.file" value="C:\Users\user\AppData\Roaming\NetBeans\11.1\build.properties" />
    <property name="javac.includes" value="net/htlgrieskirchen/pos3/timeutil/TimeUtilProTest.java" />
    <property name="libs.hamcrest.maven-pom" value="" />
    <property name="netbeans.autoupdate.country" value="AT" />
    <property name="javac.processorpath" value="" />
    <property name="java.class.path" value="C:\Users\user\Downloads\TimeUtilProStub\12 H TimeUtilProStub\build\classes;C:\Netbeans\netbeans\platform\modules\ext\junit-4.12.jar;C:\Netbeans\netbeans\platform\modules\ext\hamcrest-core-1.3.jar;C:\Users\user\Downloads\TimeUtilProStub\12 H TimeUtilProStub\build\test\classes;C:\Netbeans\netbeans\extide\ant\lib\ant-launcher.jar;C:\Netbeans\netbeans\extide\ant\lib\ant.jar;C:\Netbeans\netbeans\extide\ant\lib\ant-junit.jar;C:\Netbeans\netbeans\extide\ant\lib\ant-junit4.jar" />
    <property name="libs.javaee-web-api-6.0.maven-pom" value="" />
    <property name="libs.javaee-api-6.0.javadoc" value="C:\Netbeans\netbeans\enterprise\docs\javaee-doc-api.jar" />
    <property name="libs.JWSAntTasks.maven-pom" value="" />
    <property name="java.vm.vendor" value="Oracle Corporation" />
    <property name="ap.supported.internal" value="true" />
    <property name="user.variant" value="" />
    <property name="netbeans.home+have.tests" value="true" />
    <property name="run.modulepath" value="" />
    <property name="test.binaryexcludes" value="" />
    <property name="do.archive+manifest.available" value="true" />
    <property name="javac.compilerargs" value="" />
    <property name="apple.laf.useScreenMenuBar" value="true" />
    <property name="libs.jstl.maven-pom" value="" />
    <property name="user.country" value="AT" />
    <property name="sun.java.launcher" value="SUN_STANDARD" />
    <property name="libs.restapi.javadoc" value="" />
    <property name="libs.jpa20-persistence.src" value="" />
    <property name="javac.test.sourcepath" value="C:\Users\user\Downloads\TimeUtilProStub\12 H TimeUtilProStub\build\empty" />
    <property name="sun.cpu.endian" value="little" />
    <property name="libs.junit_4.src" value="C:\Netbeans\netbeans\platform\docs\junit-4.12-sources.jar" />
    <property name="libs.spring-webmvc3.0.maven-pom" value="" />
    <property name="user.language" value="de" />
    <property name="copylibs.rebase" value="true" />
    <property name="libs.javaee-web-api-6.0.src" value="" />
    <property name="includes" value="**" />
    <property name="javadoc.nonavbar" value="false" />
    <property name="libs.javaee-api-8.0.src" value="" />
    <property name="ant.java.version" value="12" />
    <property name="libs.junit_4.classpath" value="C:\Netbeans\netbeans\platform\modules\ext\junit-4.12.jar" />
    <property name="libs.jsf12.javadoc" value="C:\Netbeans\netbeans\enterprise\docs\javaee-doc-api.jar" />
    <property name="libs.hamcrest.classpath" value="C:\Netbeans\netbeans\platform\modules\ext\hamcrest-core-1.3.jar" />
    <property name="javadoc.splitindex" value="true" />
    <property name="libs.JWSAntTasks.classpath" value="C:\Netbeans\netbeans\java\ant\extra\org-netbeans-modules-javawebstart-anttasks.jar" />
    <property name="test.binarytestincludes" value="" />
    <property name="junit.available" value="true" />
    <property name="sun.awt.keepWorkingSetOnMinimize" value="true" />
    <property name="libs.junit_4.maven-pom" value="" />
    <property name="javac.processormodulepath" value="" />
    <property name="runtime.encoding" value="UTF-8" />
    <property name="libs.jsp-compiler.maven-pom" value="" />
    <property name="javadoc.encoding" value="UTF-8" />
    <property name="javac.classpath" value="" />
    <property name="do.mkdist" value="true" />
    <property name="libs.jsp-compilation-syscp.maven-pom" value="" />
    <property name="libs.jstl.src" value="" />
    <property name="netbeans.hash.code" value="unique=0dfd3f96a-fc15-4baf-a90c-0afe00d3e8ca_082dd67a-15f7-445c-a44c-392ff1bd2b82" />
    <property name="nb.junit.batch" value="true" />
    <property name="libs.spring-webmvc3.0.classpath" value="C:\Netbeans\netbeans\java\modules\ext\spring-3.0\spring-webmvc-3.2.7.RELEASE.jar" />
    <property name="build.test.classes.dir" value="build/test/classes" />
    <property name="java.runtime.name" value="Java(TM) SE Runtime Environment" />
    <property name="manifest.available" value="true" />
    <property name="libs.jaxb.javadoc" value="C:\Netbeans\netbeans\ide\docs\jaxb-api-2.2.5-javadoc.jar" />
    <property name="libs.spring-framework300.maven-pom" value="" />
    <property name="ant.project.invoked-targets" value="test-single" />
    <property name="run.jvmargs.ide" value="" />
    <property name="libs.jstl.classpath" value="C:\Netbeans\netbeans\enterprise\modules\ext\jstl-impl.jar;C:\Netbeans\netbeans\enterprise\modules\ext\jstl-api.jar" />
    <property name="ap.cmd.line.internal" value="" />
    <property name="libs.PostgreSQLDriver.src" value="" />
    <property name="ant.core.lib" value="C:\Netbeans\netbeans\extide\ant\lib\ant.jar" />
    <property name="java.vendor.url.bug" value="https://bugreport.java.com/bugreport/" />
    <property name="annotation.processing.source.output" value="build/generated-sources/ap-source-output" />
    <property name="libs.jsp-compilation.maven-pom" value="" />
    <property name="javac.profile.cmd.line.arg" value="" />
    <property name="user.dir" value="C:\Users\user\Downloads\TimeUtilProStub\12 H TimeUtilProStub" />
    <property name="platform.java" value="C:\Program Files\Java\jdk-12.0.2/bin/java" />
    <property name="application.args" value="" />
    <property name="do.archive+main.class.available" value="true" />
    <property name="org.xml.sax.driver" value="com.sun.org.apache.xerces.internal.jaxp.SAXParserImpl$JAXPSAXParser" />
    <property name="ignore.failing.tests" value="true" />
    <property name="javac.test.modulepath" value="" />
    <property name="libs.PostgreSQLDriver.javadoc" value="" />
    <property name="libs.eclipselink.src" value="" />
    <property name="libs.jsp-compilation-syscp.classpath" value="C:\Netbeans\netbeans\extide\ant\lib\ant.jar;C:\Netbeans\netbeans\enterprise\modules\ext\servlet3.1-jsp2.3-api.jar;C:\Netbeans\netbeans\enterprise\modules\ext\glassfish-jspparser-4.0.jar;C:\Netbeans\netbeans\enterprise\modules\ext\jstl-impl.jar;C:\Netbeans\netbeans\enterprise\modules\ext\jsf-2_2\javax.faces.jar" />
    <property name="libs.jsp-compilation.classpath" value="C:\Netbeans\netbeans\extide\ant\lib\ant.jar;C:\Netbeans\netbeans\enterprise\modules\ext\servlet3.1-jsp2.3-api.jar;C:\Netbeans\netbeans\enterprise\modules\ext\glassfish-jspparser-4.0.jar;C:\Netbeans\netbeans\enterprise\modules\ext\jsf-2_2\javax.faces.jar;C:\Netbeans\netbeans\enterprise\modules\ext\jstl-api.jar;C:\Netbeans\netbeans\extide\ant\lib\ant-launcher.jar" />
    <property name="java.vm.version" value="12.0.2+10" />
    <property name="libs.metro.javadoc" value="C:\Netbeans\netbeans\enterprise\docs\webservices-api-javadoc.jar;C:\Netbeans\netbeans\enterprise\docs\webservices-extra-javadoc.jar;C:\Netbeans\netbeans\enterprise\docs\webservices-extra-api-javadoc.jar;C:\Netbeans\netbeans\enterprise\docs\webservices-rt-javadoc.jar;C:\Netbeans\netbeans\enterprise\docs\webservices-tools-javadoc.jar" />
    <property name="test.class" value="net.htlgrieskirchen.pos3.timeutil.TimeUtilProTest" />
    <property name="sun.awt.datatransfer.timeout" value="1000" />
    <property name="junit.forkmode" value="perTest" />
    <property name="libs.javaee-web-api-7.0.src" value="" />
    <property name="libs.jsp-compiler.classpath" value="C:\Netbeans\netbeans\enterprise\ant\extra\jspcompile.jar" />
    <property name="annotation.processing.run.all.processors" value="true" />
  </properties>
  <testcase classname="net.htlgrieskirchen.pos3.timeutil.TimeUtilProTest" name="testDateToLocalDateTime" time="0.016">
    <failure message="The test case is a prototype." type="junit.framework.AssertionFailedError">junit.framework.AssertionFailedError: The test case is a prototype.
	at net.htlgrieskirchen.pos3.timeutil.TimeUtilProTest.testDateToLocalDateTime(TimeUtilProTest.java:147)
	at java.base/jdk.internal.reflect.NativeMethodAccessorImpl.invoke0(Native Method)
	at java.base/jdk.internal.reflect.NativeMethodAccessorImpl.invoke(NativeMethodAccessorImpl.java:62)
	at java.base/jdk.internal.reflect.DelegatingMethodAccessorImpl.invoke(DelegatingMethodAccessorImpl.java:43)
</failure>
  </testcase>
  <testcase classname="net.htlgrieskirchen.pos3.timeutil.TimeUtilProTest" name="testLocalDateTimeToInt" time="0.0">
    <failure message="expected:&lt;0&gt; but was:&lt;-1&gt;" type="junit.framework.AssertionFailedError">junit.framework.AssertionFailedError: expected:&lt;0&gt; but was:&lt;-1&gt;
	at net.htlgrieskirchen.pos3.timeutil.TimeUtilProTest.testLocalDateTimeToInt(TimeUtilProTest.java:187)
	at java.base/jdk.internal.reflect.NativeMethodAccessorImpl.invoke0(Native Method)
	at java.base/jdk.internal.reflect.NativeMethodAccessorImpl.invoke(NativeMethodAccessorImpl.java:62)
	at java.base/jdk.internal.reflect.DelegatingMethodAccessorImpl.invoke(DelegatingMethodAccessorImpl.java:43)
</failure>
  </testcase>
  <testcase classname="net.htlgrieskirchen.pos3.timeutil.TimeUtilProTest" name="testLongToLocalDateTime" time="0.0">
    <failure message="The test case is a prototype." type="junit.framework.AssertionFailedError">junit.framework.AssertionFailedError: The test case is a prototype.
	at net.htlgrieskirchen.pos3.timeutil.TimeUtilProTest.testLongToLocalDateTime(TimeUtilProTest.java:133)
	at java.base/jdk.internal.reflect.NativeMethodAccessorImpl.invoke0(Native Method)
	at java.base/jdk.internal.reflect.NativeMethodAccessorImpl.invoke(NativeMethodAccessorImpl.java:62)
	at java.base/jdk.internal.reflect.DelegatingMethodAccessorImpl.invoke(DelegatingMethodAccessorImpl.java:43)
</failure>
  </testcase>
  <testcase classname="net.htlgrieskirchen.pos3.timeutil.TimeUtilProTest" name="testDateToLocalDate" time="0.015" />
  <testcase classname="net.htlgrieskirchen.pos3.timeutil.TimeUtilProTest" name="testIntToLocalDateTime" time="0.0">
    <failure message="The test case is a prototype." type="junit.framework.AssertionFailedError">junit.framework.AssertionFailedError: The test case is a prototype.
	at net.htlgrieskirchen.pos3.timeutil.TimeUtilProTest.testIntToLocalDateTime(TimeUtilProTest.java:119)
	at java.base/jdk.internal.reflect.NativeMethodAccessorImpl.invoke0(Native Method)
	at java.base/jdk.internal.reflect.NativeMethodAccessorImpl.invoke(NativeMethodAccessorImpl.java:62)
	at java.base/jdk.internal.reflect.DelegatingMethodAccessorImpl.invoke(DelegatingMethodAccessorImpl.java:43)
</failure>
  </testcase>
  <testcase classname="net.htlgrieskirchen.pos3.timeutil.TimeUtilProTest" name="testLocalDateTimeToCalendar" time="0.0">
    <failure message="The test case is a prototype." type="junit.framework.AssertionFailedError">junit.framework.AssertionFailedError: The test case is a prototype.
	at net.htlgrieskirchen.pos3.timeutil.TimeUtilProTest.testLocalDateTimeToCalendar(TimeUtilProTest.java:273)
	at java.base/jdk.internal.reflect.NativeMethodAccessorImpl.invoke0(Native Method)
	at java.base/jdk.internal.reflect.NativeMethodAccessorImpl.invoke(NativeMethodAccessorImpl.java:62)
	at java.base/jdk.internal.reflect.DelegatingMethodAccessorImpl.invoke(DelegatingMethodAccessorImpl.java:43)
</failure>
  </testcase>
  <testcase classname="net.htlgrieskirchen.pos3.timeutil.TimeUtilProTest" name="testLocalDateToCalendar" time="0.0">
    <failure message="The test case is a prototype." type="junit.framework.AssertionFailedError">junit.framework.AssertionFailedError: The test case is a prototype.
	at net.htlgrieskirchen.pos3.timeutil.TimeUtilProTest.testLocalDateToCalendar(TimeUtilProTest.java:259)
	at java.base/jdk.internal.reflect.NativeMethodAccessorImpl.invoke0(Native Method)
	at java.base/jdk.internal.reflect.NativeMethodAccessorImpl.invoke(NativeMethodAccessorImpl.java:62)
	at java.base/jdk.internal.reflect.DelegatingMethodAccessorImpl.invoke(DelegatingMethodAccessorImpl.java:43)
</failure>
  </testcase>
  <testcase classname="net.htlgrieskirchen.pos3.timeutil.TimeUtilProTest" name="testCalendarToLocalDateTime" time="0.0">
    <failure message="The test case is a prototype." type="junit.framework.AssertionFailedError">junit.framework.AssertionFailedError: The test case is a prototype.
	at net.htlgrieskirchen.pos3.timeutil.TimeUtilProTest.testCalendarToLocalDateTime(TimeUtilProTest.java:161)
	at java.base/jdk.internal.reflect.NativeMethodAccessorImpl.invoke0(Native Method)
	at java.base/jdk.internal.reflect.NativeMethodAccessorImpl.invoke(NativeMethodAccessorImpl.java:62)
	at java.base/jdk.internal.reflect.DelegatingMethodAccessorImpl.invoke(DelegatingMethodAccessorImpl.java:43)
</failure>
  </testcase>
  <testcase classname="net.htlgrieskirchen.pos3.timeutil.TimeUtilProTest" name="testCalendarToLocalDate" time="0.0" />
  <testcase classname="net.htlgrieskirchen.pos3.timeutil.TimeUtilProTest" name="testLocalDateToInt" time="0.0">
    <failure message="expected:&lt;0&gt; but was:&lt;-1&gt;" type="junit.framework.AssertionFailedError">junit.framework.AssertionFailedError: expected:&lt;0&gt; but was:&lt;-1&gt;
	at net.htlgrieskirchen.pos3.timeutil.TimeUtilProTest.testLocalDateToInt(TimeUtilProTest.java:173)
	at java.base/jdk.internal.reflect.NativeMethodAccessorImpl.invoke0(Native Method)
	at java.base/jdk.internal.reflect.NativeMethodAccessorImpl.invoke(NativeMethodAccessorImpl.java:62)
	at java.base/jdk.internal.reflect.DelegatingMethodAccessorImpl.invoke(DelegatingMethodAccessorImpl.java:43)
</failure>
  </testcase>
  <testcase classname="net.htlgrieskirchen.pos3.timeutil.TimeUtilProTest" name="testIntToLocalDate" time="0.016" />
  <testcase classname="net.htlgrieskirchen.pos3.timeutil.TimeUtilProTest" name="testLongToLocalDate" time="0.0" />
  <testcase classname="net.htlgrieskirchen.pos3.timeutil.TimeUtilProTest" name="testLocalDateToDate" time="0.0">
    <failure message="The test case is a prototype." type="junit.framework.AssertionFailedError">junit.framework.AssertionFailedError: The test case is a prototype.
	at net.htlgrieskirchen.pos3.timeutil.TimeUtilProTest.testLocalDateToDate(TimeUtilProTest.java:231)
	at java.base/jdk.internal.reflect.NativeMethodAccessorImpl.invoke0(Native Method)
	at java.base/jdk.internal.reflect.NativeMethodAccessorImpl.invoke(NativeMethodAccessorImpl.java:62)
	at java.base/jdk.internal.reflect.DelegatingMethodAccessorImpl.invoke(DelegatingMethodAccessorImpl.java:43)
</failure>
  </testcase>
  <testcase classname="net.htlgrieskirchen.pos3.timeutil.TimeUtilProTest" name="testLocalDateToLong" time="0.0">
    <failure message="expected:&lt;0&gt; but was:&lt;-1&gt;" type="junit.framework.AssertionFailedError">junit.framework.AssertionFailedError: expected:&lt;0&gt; but was:&lt;-1&gt;
	at net.htlgrieskirchen.pos3.timeutil.TimeUtilProTest.testLocalDateToLong(TimeUtilProTest.java:201)
	at java.base/jdk.internal.reflect.NativeMethodAccessorImpl.invoke0(Native Method)
	at java.base/jdk.internal.reflect.NativeMethodAccessorImpl.invoke(NativeMethodAccessorImpl.java:62)
	at java.base/jdk.internal.reflect.DelegatingMethodAccessorImpl.invoke(DelegatingMethodAccessorImpl.java:43)
</failure>
  </testcase>
  <testcase classname="net.htlgrieskirchen.pos3.timeutil.TimeUtilProTest" name="testLocalDateTimeToDate" time="0.0">
    <failure message="The test case is a prototype." type="junit.framework.AssertionFailedError">junit.framework.AssertionFailedError: The test case is a prototype.
	at net.htlgrieskirchen.pos3.timeutil.TimeUtilProTest.testLocalDateTimeToDate(TimeUtilProTest.java:245)
	at java.base/jdk.internal.reflect.NativeMethodAccessorImpl.invoke0(Native Method)
	at java.base/jdk.internal.reflect.NativeMethodAccessorImpl.invoke(NativeMethodAccessorImpl.java:62)
	at java.base/jdk.internal.reflect.DelegatingMethodAccessorImpl.invoke(DelegatingMethodAccessorImpl.java:43)
</failure>
  </testcase>
  <testcase classname="net.htlgrieskirchen.pos3.timeutil.TimeUtilProTest" name="testLocalDateTimeToLong" time="0.0">
    <failure message="expected:&lt;0&gt; but was:&lt;-1&gt;" type="junit.framework.AssertionFailedError">junit.framework.AssertionFailedError: expected:&lt;0&gt; but was:&lt;-1&gt;
	at net.htlgrieskirchen.pos3.timeutil.TimeUtilProTest.testLocalDateTimeToLong(TimeUtilProTest.java:215)
	at java.base/jdk.internal.reflect.NativeMethodAccessorImpl.invoke0(Native Method)
	at java.base/jdk.internal.reflect.NativeMethodAccessorImpl.invoke(NativeMethodAccessorImpl.java:62)
	at java.base/jdk.internal.reflect.DelegatingMethodAccessorImpl.invoke(DelegatingMethodAccessorImpl.java:43)
</failure>
  </testcase>
  <system-out><![CDATA[dateToLocalDateTime
localDateTimeToInt
longToLocalDateTime
----------------Test von dateToLocalDate----------------
dateToLocalDate -- Ergebnis ist: 2019-11-12
intToLocalDateTime
localDateTimeToCalendar
localDateToCalendar
calendarToLocalDateTime
----------------Test von calendarToLocalDate----------------
localDateToInt
----------------Test von intToLocalDate----------------
intToLocalDate -- Ergbenis ist: 2003-02-01
----------------Test von longToLocalDate----------------
longToLocalDate -- Ergebnis ist: 2003-02-01
localDateToDate
localDateToLong
localDateTimeToDate
localDateTimeToLong
]]></system-out>
  <system-err><![CDATA[]]></system-err>
</testsuite>
